C51 COMPILER V9.60.0.0   HCSR40                                                            08/26/2022 16:08:11 PAGE 1   


C51 COMPILER V9.60.0.0, COMPILATION OF MODULE HCSR40
OBJECT MODULE PLACED IN .\Objects\HCSR40.obj
COMPILER INVOKED BY: C:\Keil\C51\BIN\C51.EXE HARDWARE\HCSR40.c OMF2 OPTIMIZE(8,SPEED) BROWSE INCDIR(.\LIB;.\USER;.\CORE;
                    -.\HARDWARE) DEBUG PRINT(.\Listings\HCSR40.lst) TABS(2) OBJECT(.\Objects\HCSR40.obj)

line level    source

   1          #include "delay.h"
   2          #include "HCSR40.h"
   3          void  HCSR40_SEND()
   4          {
   5   1        P54=0;
   6   1        delay_us(2);
   7   1        P54=1;
   8   1        delay_us(10);
   9   1        P54=0;
  10   1        delay_us(10);
  11   1      }
  12          
  13          unsigned int GetTime()
  14          {
  15   1        unsigned int time = 0;
  16   1        time=TH0*256+TL0;
  17   1        return time;
  18   1      }
  19          
  20          void StartTimer()
  21          {
  22   1        TH0=0;
  23   1        TL0=0;
  24   1        TR0=1;
  25   1      }
  26          
  27          void StopTimer()
  28          {
  29   1        TR0=0;
  30   1      }
  31          
  32          double GetDistance()
  33          {
  34   1        double distance;
  35   1        distance=(double)GetTime()*0.0017;
  36   1        return distance;
  37   1      }


MODULE INFORMATION:   STATIC OVERLAYABLE
   CODE SIZE        =     69    ----
   CONSTANT SIZE    =   ----    ----
   XDATA SIZE       =   ----    ----
   PDATA SIZE       =   ----    ----
   DATA SIZE        =   ----    ----
   IDATA SIZE       =   ----    ----
   BIT SIZE         =   ----    ----
   EDATA SIZE       =   ----    ----
   HDATA SIZE       =   ----    ----
   XDATA CONST SIZE =   ----    ----
   FAR CONST SIZE   =   ----    ----
END OF MODULE INFORMATION.


C51 COMPILATION COMPLETE.  0 WARNING(S),  0 ERROR(S)
